2018-05-31 14:26:25.705  INFO 11996 --- [main] c.s.data.DataApplicationTests            : Starting DataApplicationTests on PC-20171111TUTP with PID 11996 (started by developer in F:\BaiduNetdiskDownload\data)
2018-05-31 14:26:25.712  INFO 11996 --- [main] c.s.data.DataApplicationTests            : No active profile set, falling back to default profiles: default
2018-05-31 14:26:25.735  INFO 11996 --- [main] o.s.w.c.s.GenericWebApplicationContext   : Refreshing org.springframework.web.context.support.GenericWebApplicationContext@609bcfb6: startup date [Thu May 31 14:26:25 CST 2018]; root of context hierarchy
2018-05-31 14:26:26.281  INFO 11996 --- [main] .s.d.r.c.RepositoryConfigurationDelegate : Multiple Spring Data modules found, entering strict repository configuration mode!
2018-05-31 14:26:26.324  INFO 11996 --- [main] .s.d.r.c.RepositoryConfigurationDelegate : Multiple Spring Data modules found, entering strict repository configuration mode!
2018-05-31 14:26:26.333  INFO 11996 --- [main] .RepositoryConfigurationExtensionSupport : Spring Data MongoDB - Could not safely identify store assignment for repository candidate interface com.shellshellfish.data.dao.TrdOrderDetailRepository.
2018-05-31 14:26:26.705  INFO 11996 --- [main] trationDelegate$BeanPostProcessorChecker : Bean 'org.springframework.transaction.annotation.ProxyTransactionManagementConfiguration' of type [org.springframework.transaction.annotation.ProxyTransactionManagementConfiguration$$EnhancerBySpringCGLIB$$96145cd7] is not eligible for getting processed by all BeanPostProcessors (for example: not eligible for auto-proxying)
2018-05-31 14:26:26.909  INFO 11996 --- [main] com.zaxxer.hikari.HikariDataSource       : HikariPool-1 - Starting...
2018-05-31 14:26:27.096  INFO 11996 --- [main] com.zaxxer.hikari.HikariDataSource       : HikariPool-1 - Start completed.
2018-05-31 14:26:27.148  INFO 11996 --- [main] j.LocalContainerEntityManagerFactoryBean : Building JPA container EntityManagerFactory for persistence unit 'default'
2018-05-31 14:26:27.250  INFO 11996 --- [main] o.hibernate.jpa.internal.util.LogHelper  : HHH000204: Processing PersistenceUnitInfo [
	name: default
	...]
2018-05-31 14:26:27.344  INFO 11996 --- [main] org.hibernate.Version                    : HHH000412: Hibernate Core {5.2.14.Final}
2018-05-31 14:26:27.345  INFO 11996 --- [main] org.hibernate.cfg.Environment            : HHH000206: hibernate.properties not found
2018-05-31 14:26:27.394  INFO 11996 --- [main] o.hibernate.annotations.common.Version   : HCANN000001: Hibernate Commons Annotations {5.0.1.Final}
2018-05-31 14:26:27.533  INFO 11996 --- [main] org.hibernate.dialect.Dialect            : HHH000400: Using dialect: org.hibernate.dialect.MySQL5Dialect
2018-05-31 14:26:28.141  INFO 11996 --- [main] j.LocalContainerEntityManagerFactoryBean : Initialized JPA EntityManagerFactory for persistence unit 'default'
2018-05-31 14:26:28.569  INFO 11996 --- [main] org.mongodb.driver.cluster               : Cluster created with settings {hosts=[localhost:27017], mode=MULTIPLE, requiredClusterType=UNKNOWN, serverSelectionTimeout='30000 ms', maxWaitQueueSize=500}
2018-05-31 14:26:28.570  INFO 11996 --- [main] org.mongodb.driver.cluster               : Adding discovered server localhost:27017 to client view of cluster
2018-05-31 14:26:28.630  INFO 11996 --- [cluster-ClusterId{value='5b0f9594ef68eb2edcfb58e0', description='null'}-localhost:27017] org.mongodb.driver.connection            : Opened connection [connectionId{localValue:1, serverValue:21}] to localhost:27017
2018-05-31 14:26:28.633  INFO 11996 --- [cluster-ClusterId{value='5b0f9594ef68eb2edcfb58e0', description='null'}-localhost:27017] org.mongodb.driver.cluster               : Monitor thread successfully connected to server with description ServerDescription{address=localhost:27017, type=STANDALONE, state=CONNECTED, ok=true, version=ServerVersion{versionList=[3, 4, 15]}, minWireVersion=0, maxWireVersion=5, maxDocumentSize=16777216, logicalSessionTimeoutMinutes=null, roundTripTimeNanos=1212300}
2018-05-31 14:26:28.635  INFO 11996 --- [cluster-ClusterId{value='5b0f9594ef68eb2edcfb58e0', description='null'}-localhost:27017] org.mongodb.driver.cluster               : Discovered cluster type of STANDALONE
2018-05-31 14:26:28.816  INFO 11996 --- [main] org.mongodb.driver.connection            : Opened connection [connectionId{localValue:2, serverValue:22}] to localhost:27017
2018-05-31 14:26:29.892  INFO 11996 --- [main] s.w.s.m.m.a.RequestMappingHandlerAdapter : Looking for @ControllerAdvice: org.springframework.web.context.support.GenericWebApplicationContext@609bcfb6: startup date [Thu May 31 14:26:25 CST 2018]; root of context hierarchy
2018-05-31 14:26:29.937  WARN 11996 --- [main] aWebConfiguration$JpaWebMvcConfiguration : spring.jpa.open-in-view is enabled by default. Therefore, database queries may be performed during view rendering. Explicitly configure spring.jpa.open-in-view to disable this warning
2018-05-31 14:26:29.976  INFO 11996 --- [main] s.w.s.m.m.a.RequestMappingHandlerMapping : Mapped "{[/error]}" onto public org.springframework.http.ResponseEntity<java.util.Map<java.lang.String, java.lang.Object>> org.springframework.boot.autoconfigure.web.servlet.error.BasicErrorController.error(javax.servlet.http.HttpServletRequest)
2018-05-31 14:26:29.977  INFO 11996 --- [main] s.w.s.m.m.a.RequestMappingHandlerMapping : Mapped "{[/error],produces=[text/html]}" onto public org.springframework.web.servlet.ModelAndView org.springframework.boot.autoconfigure.web.servlet.error.BasicErrorController.errorHtml(javax.servlet.http.HttpServletRequest,javax.servlet.http.HttpServletResponse)
2018-05-31 14:26:30.010  INFO 11996 --- [main] o.s.w.s.handler.SimpleUrlHandlerMapping  : Mapped URL path [/webjars/**] onto handler of type [class org.springframework.web.servlet.resource.ResourceHttpRequestHandler]
2018-05-31 14:26:30.010  INFO 11996 --- [main] o.s.w.s.handler.SimpleUrlHandlerMapping  : Mapped URL path [/**] onto handler of type [class org.springframework.web.servlet.resource.ResourceHttpRequestHandler]
2018-05-31 14:26:30.058  INFO 11996 --- [main] o.s.w.s.handler.SimpleUrlHandlerMapping  : Mapped URL path [/**/favicon.ico] onto handler of type [class org.springframework.web.servlet.resource.ResourceHttpRequestHandler]
2018-05-31 14:26:30.259  INFO 11996 --- [main] c.s.data.DataApplicationTests            : Started DataApplicationTests in 4.898 seconds (JVM running for 5.749)
2018-05-31 14:26:30.384  INFO 11996 --- [main] c.s.d.service.impl.SynchroTrdDetailImpl  : synchrodata start
2018-05-31 14:26:30.400  INFO 11996 --- [main] c.s.d.service.impl.SynchroTrdDetailImpl  : init mongodb trdlogs count : 0
2018-05-31 14:26:30.428  INFO 11996 --- [main] o.h.h.i.QueryTranslatorFactoryInitiator  : HHH000397: Using ASTQueryTranslatorFactory
2018-05-31 14:26:30.759  INFO 11996 --- [Thread-2] o.s.w.c.s.GenericWebApplicationContext   : Closing org.springframework.web.context.support.GenericWebApplicationContext@609bcfb6: startup date [Thu May 31 14:26:25 CST 2018]; root of context hierarchy
2018-05-31 14:26:30.764  INFO 11996 --- [Thread-2] org.mongodb.driver.connection            : Closed connection [connectionId{localValue:2, serverValue:22}] to localhost:27017 because the pool has been closed.
2018-05-31 14:26:30.767  INFO 11996 --- [Thread-2] j.LocalContainerEntityManagerFactoryBean : Closing JPA EntityManagerFactory for persistence unit 'default'
2018-05-31 14:26:30.768  INFO 11996 --- [Thread-2] com.zaxxer.hikari.HikariDataSource       : HikariPool-1 - Shutdown initiated...
2018-05-31 14:26:30.771  INFO 11996 --- [Thread-2] com.zaxxer.hikari.HikariDataSource       : HikariPool-1 - Shutdown completed.
2018-05-31 14:30:08.086  INFO 5192 --- [main] c.s.data.DataApplicationTests            : Starting DataApplicationTests on PC-20171111TUTP with PID 5192 (started by developer in F:\BaiduNetdiskDownload\data)
2018-05-31 14:30:08.087  INFO 5192 --- [main] c.s.data.DataApplicationTests            : No active profile set, falling back to default profiles: default
2018-05-31 14:30:08.111  INFO 5192 --- [main] o.s.w.c.s.GenericWebApplicationContext   : Refreshing org.springframework.web.context.support.GenericWebApplicationContext@609bcfb6: startup date [Thu May 31 14:30:08 CST 2018]; root of context hierarchy
2018-05-31 14:30:08.690  INFO 5192 --- [main] .s.d.r.c.RepositoryConfigurationDelegate : Multiple Spring Data modules found, entering strict repository configuration mode!
2018-05-31 14:30:08.732  INFO 5192 --- [main] .s.d.r.c.RepositoryConfigurationDelegate : Multiple Spring Data modules found, entering strict repository configuration mode!
2018-05-31 14:30:08.750  INFO 5192 --- [main] .RepositoryConfigurationExtensionSupport : Spring Data MongoDB - Could not safely identify store assignment for repository candidate interface com.shellshellfish.data.dao.TrdOrderDetailRepository.
2018-05-31 14:30:09.111  INFO 5192 --- [main] trationDelegate$BeanPostProcessorChecker : Bean 'org.springframework.transaction.annotation.ProxyTransactionManagementConfiguration' of type [org.springframework.transaction.annotation.ProxyTransactionManagementConfiguration$$EnhancerBySpringCGLIB$$d8679427] is not eligible for getting processed by all BeanPostProcessors (for example: not eligible for auto-proxying)
2018-05-31 14:30:09.276  INFO 5192 --- [main] com.zaxxer.hikari.HikariDataSource       : HikariPool-1 - Starting...
2018-05-31 14:30:09.490  INFO 5192 --- [main] com.zaxxer.hikari.HikariDataSource       : HikariPool-1 - Start completed.
2018-05-31 14:30:09.526  INFO 5192 --- [main] j.LocalContainerEntityManagerFactoryBean : Building JPA container EntityManagerFactory for persistence unit 'default'
2018-05-31 14:30:09.539  INFO 5192 --- [main] o.hibernate.jpa.internal.util.LogHelper  : HHH000204: Processing PersistenceUnitInfo [
	name: default
	...]
2018-05-31 14:30:09.601  INFO 5192 --- [main] org.hibernate.Version                    : HHH000412: Hibernate Core {5.2.14.Final}
2018-05-31 14:30:09.603  INFO 5192 --- [main] org.hibernate.cfg.Environment            : HHH000206: hibernate.properties not found
2018-05-31 14:30:09.642  INFO 5192 --- [main] o.hibernate.annotations.common.Version   : HCANN000001: Hibernate Commons Annotations {5.0.1.Final}
2018-05-31 14:30:09.736  INFO 5192 --- [main] org.hibernate.dialect.Dialect            : HHH000400: Using dialect: org.hibernate.dialect.MySQL5Dialect
2018-05-31 14:30:10.251  INFO 5192 --- [main] j.LocalContainerEntityManagerFactoryBean : Initialized JPA EntityManagerFactory for persistence unit 'default'
2018-05-31 14:30:10.557  INFO 5192 --- [main] org.mongodb.driver.cluster               : Cluster created with settings {hosts=[localhost:27017], mode=MULTIPLE, requiredClusterType=UNKNOWN, serverSelectionTimeout='30000 ms', maxWaitQueueSize=500}
2018-05-31 14:30:10.557  INFO 5192 --- [main] org.mongodb.driver.cluster               : Adding discovered server localhost:27017 to client view of cluster
2018-05-31 14:30:10.607  INFO 5192 --- [cluster-ClusterId{value='5b0f9672ef68eb14483e82f8', description='null'}-localhost:27017] org.mongodb.driver.connection            : Opened connection [connectionId{localValue:1, serverValue:23}] to localhost:27017
2018-05-31 14:30:10.609  INFO 5192 --- [cluster-ClusterId{value='5b0f9672ef68eb14483e82f8', description='null'}-localhost:27017] org.mongodb.driver.cluster               : Monitor thread successfully connected to server with description ServerDescription{address=localhost:27017, type=STANDALONE, state=CONNECTED, ok=true, version=ServerVersion{versionList=[3, 4, 15]}, minWireVersion=0, maxWireVersion=5, maxDocumentSize=16777216, logicalSessionTimeoutMinutes=null, roundTripTimeNanos=982754}
2018-05-31 14:30:10.610  INFO 5192 --- [cluster-ClusterId{value='5b0f9672ef68eb14483e82f8', description='null'}-localhost:27017] org.mongodb.driver.cluster               : Discovered cluster type of STANDALONE
2018-05-31 14:30:10.784  INFO 5192 --- [main] org.mongodb.driver.connection            : Opened connection [connectionId{localValue:2, serverValue:24}] to localhost:27017
2018-05-31 14:30:11.692  INFO 5192 --- [main] s.w.s.m.m.a.RequestMappingHandlerAdapter : Looking for @ControllerAdvice: org.springframework.web.context.support.GenericWebApplicationContext@609bcfb6: startup date [Thu May 31 14:30:08 CST 2018]; root of context hierarchy
2018-05-31 14:30:11.738  WARN 5192 --- [main] aWebConfiguration$JpaWebMvcConfiguration : spring.jpa.open-in-view is enabled by default. Therefore, database queries may be performed during view rendering. Explicitly configure spring.jpa.open-in-view to disable this warning
2018-05-31 14:30:11.773  INFO 5192 --- [main] s.w.s.m.m.a.RequestMappingHandlerMapping : Mapped "{[/error]}" onto public org.springframework.http.ResponseEntity<java.util.Map<java.lang.String, java.lang.Object>> org.springframework.boot.autoconfigure.web.servlet.error.BasicErrorController.error(javax.servlet.http.HttpServletRequest)
2018-05-31 14:30:11.774  INFO 5192 --- [main] s.w.s.m.m.a.RequestMappingHandlerMapping : Mapped "{[/error],produces=[text/html]}" onto public org.springframework.web.servlet.ModelAndView org.springframework.boot.autoconfigure.web.servlet.error.BasicErrorController.errorHtml(javax.servlet.http.HttpServletRequest,javax.servlet.http.HttpServletResponse)
2018-05-31 14:30:11.812  INFO 5192 --- [main] o.s.w.s.handler.SimpleUrlHandlerMapping  : Mapped URL path [/webjars/**] onto handler of type [class org.springframework.web.servlet.resource.ResourceHttpRequestHandler]
2018-05-31 14:30:11.813  INFO 5192 --- [main] o.s.w.s.handler.SimpleUrlHandlerMapping  : Mapped URL path [/**] onto handler of type [class org.springframework.web.servlet.resource.ResourceHttpRequestHandler]
2018-05-31 14:30:11.855  INFO 5192 --- [main] o.s.w.s.handler.SimpleUrlHandlerMapping  : Mapped URL path [/**/favicon.ico] onto handler of type [class org.springframework.web.servlet.resource.ResourceHttpRequestHandler]
2018-05-31 14:30:12.080  INFO 5192 --- [main] c.s.data.DataApplicationTests            : Started DataApplicationTests in 4.372 seconds (JVM running for 5.235)
2018-05-31 14:30:12.176  INFO 5192 --- [main] c.s.d.service.impl.SynchroTrdDetailImpl  : synchrodata start
2018-05-31 14:30:12.186  INFO 5192 --- [main] c.s.d.service.impl.SynchroTrdDetailImpl  : init mongodb trdlogs count : 0
2018-05-31 14:30:12.320  INFO 5192 --- [main] o.h.h.i.QueryTranslatorFactoryInitiator  : HHH000397: Using ASTQueryTranslatorFactory
2018-05-31 14:30:12.532  INFO 5192 --- [Thread-2] o.s.w.c.s.GenericWebApplicationContext   : Closing org.springframework.web.context.support.GenericWebApplicationContext@609bcfb6: startup date [Thu May 31 14:30:08 CST 2018]; root of context hierarchy
2018-05-31 14:30:12.537  INFO 5192 --- [Thread-2] org.mongodb.driver.connection            : Closed connection [connectionId{localValue:2, serverValue:24}] to localhost:27017 because the pool has been closed.
2018-05-31 14:30:12.540  INFO 5192 --- [Thread-2] j.LocalContainerEntityManagerFactoryBean : Closing JPA EntityManagerFactory for persistence unit 'default'
2018-05-31 14:30:12.540  INFO 5192 --- [Thread-2] com.zaxxer.hikari.HikariDataSource       : HikariPool-1 - Shutdown initiated...
2018-05-31 14:30:12.544  INFO 5192 --- [Thread-2] com.zaxxer.hikari.HikariDataSource       : HikariPool-1 - Shutdown completed.
